0 info it worked if it ends with ok
1 verbose cli [ 'node',
1 verbose cli   '/usr/local/bin/npm',
1 verbose cli   'install',
1 verbose cli   '--save-dev',
1 verbose cli   'ember-cli-simple-auth' ]
2 info using npm@2.0.0-alpha-5
3 info using node@v0.10.28
4 verbose config Skipping project config: /Users/sam/.npmrc. (matches userconfig)
5 verbose cache add [ 'ember-cli-simple-auth', null ]
6 verbose cache add spec="ember-cli-simple-auth" args=["ember-cli-simple-auth",null]
7 verbose parsed spec { raw: 'ember-cli-simple-auth',
7 verbose parsed spec   scope: null,
7 verbose parsed spec   name: 'ember-cli-simple-auth',
7 verbose parsed spec   rawSpec: '',
7 verbose parsed spec   spec: '*',
7 verbose parsed spec   type: 'range' }
8 verbose addNamed [ 'ember-cli-simple-auth', '*' ]
9 verbose addNamed [ null, '*' ]
10 silly lockFile 37bbc04c-ember-cli-simple-auth ember-cli-simple-auth@*
11 verbose lock ember-cli-simple-auth@* /Users/sam/.npm/37bbc04c-ember-cli-simple-auth.lock
12 silly addNameRange { name: 'ember-cli-simple-auth', range: '*', hasData: false }
13 verbose mapToRegistry name ember-cli-simple-auth
14 verbose mapToRegistry uri https://registry.npmjs.org/ember-cli-simple-auth
15 verbose request where is /ember-cli-simple-auth
16 verbose request registry https://registry.npmjs.org/
17 verbose request id 557b18f21e860366
18 verbose request url raw /ember-cli-simple-auth
19 verbose request url resolving [ 'https://registry.npmjs.org/', './ember-cli-simple-auth' ]
20 verbose request url resolved https://registry.npmjs.org/ember-cli-simple-auth
21 verbose request where is https://registry.npmjs.org/ember-cli-simple-auth
22 verbose request no basic auth needed
23 info trying registry request attempt 1 at 09:07:34
24 http GET https://registry.npmjs.org/ember-cli-simple-auth
25 http 200 https://registry.npmjs.org/ember-cli-simple-auth
26 silly registry.get cb [ 200,
26 silly registry.get   { date: 'Tue, 05 Aug 2014 13:07:34 GMT',
26 silly registry.get     server: 'CouchDB/1.5.0 (Erlang OTP/R16B03)',
26 silly registry.get     etag: '"DRJM74F16CVBSCB02NV3BUML5"',
26 silly registry.get     'content-type': 'application/json',
26 silly registry.get     'cache-control': 'max-age=60',
26 silly registry.get     'content-length': '5448',
26 silly registry.get     'accept-ranges': 'bytes',
26 silly registry.get     via: '1.1 varnish',
26 silly registry.get     age: '2372',
26 silly registry.get     'x-served-by': 'cache-jfk1027-JFK',
26 silly registry.get     'x-cache': 'MISS',
26 silly registry.get     'x-cache-hits': '0',
26 silly registry.get     'x-timer': 'S1407244054.737216,VS0,VE13',
26 silly registry.get     vary: 'Accept',
26 silly registry.get     'keep-alive': 'timeout=10, max=50',
26 silly registry.get     connection: 'Keep-Alive' } ]
27 silly addNameRange number 2 { name: 'ember-cli-simple-auth', range: '*', hasData: true }
28 silly addNameRange versions [ 'ember-cli-simple-auth',
28 silly addNameRange   [ '0.6.2', '0.6.3', '0.6.4', '0.6.4-1' ] ]
29 verbose addNamed [ 'ember-cli-simple-auth', '0.6.4-1' ]
30 verbose addNamed [ '0.6.4-1', '0.6.4-1' ]
31 silly lockFile ba5c8936-ember-cli-simple-auth-0-6-4-1 ember-cli-simple-auth@0.6.4-1
32 verbose lock ember-cli-simple-auth@0.6.4-1 /Users/sam/.npm/ba5c8936-ember-cli-simple-auth-0-6-4-1.lock
33 silly lockFile 73b29a3c-mber-cli-simple-auth-0-6-4-1-tgz https://registry.npmjs.org/ember-cli-simple-auth/-/ember-cli-simple-auth-0.6.4-1.tgz
34 verbose lock https://registry.npmjs.org/ember-cli-simple-auth/-/ember-cli-simple-auth-0.6.4-1.tgz /Users/sam/.npm/73b29a3c-mber-cli-simple-auth-0-6-4-1-tgz.lock
35 verbose addRemoteTarball [ 'https://registry.npmjs.org/ember-cli-simple-auth/-/ember-cli-simple-auth-0.6.4-1.tgz',
35 verbose addRemoteTarball   '485d9e7c9edecf3dc0b64f43d72ac0a5f627571e' ]
36 info retry fetch attempt 1 at 09:07:35
37 verbose fetch to= /var/folders/xk/y7my615j4tj9zqvq_0wsrqsm0000gn/T/npm-50192-_DyN4caE/registry.npmjs.org/ember-cli-simple-auth/-/ember-cli-simple-auth-0.6.4-1.tgz
38 http GET https://registry.npmjs.org/ember-cli-simple-auth/-/ember-cli-simple-auth-0.6.4-1.tgz
39 http 200 https://registry.npmjs.org/ember-cli-simple-auth/-/ember-cli-simple-auth-0.6.4-1.tgz
40 silly lockFile 73b29a3c-mber-cli-simple-auth-0-6-4-1-tgz https://registry.npmjs.org/ember-cli-simple-auth/-/ember-cli-simple-auth-0.6.4-1.tgz
41 silly lockFile 73b29a3c-mber-cli-simple-auth-0-6-4-1-tgz https://registry.npmjs.org/ember-cli-simple-auth/-/ember-cli-simple-auth-0.6.4-1.tgz
42 silly lockFile ba5c8936-ember-cli-simple-auth-0-6-4-1 ember-cli-simple-auth@0.6.4-1
43 silly lockFile ba5c8936-ember-cli-simple-auth-0-6-4-1 ember-cli-simple-auth@0.6.4-1
44 silly lockFile 37bbc04c-ember-cli-simple-auth ember-cli-simple-auth@*
45 silly lockFile 37bbc04c-ember-cli-simple-auth ember-cli-simple-auth@*
46 silly resolved [ { name: 'ember-cli-simple-auth',
46 silly resolved     author: { name: 'Marco Otte-Witte' },
46 silly resolved     license: 'MIT',
46 silly resolved     version: '0.6.4-1',
46 silly resolved     description: 'Include the Ember Simple Auth base library into an Ember CLI application.',
46 silly resolved     main: 'index.js',
46 silly resolved     scripts: { test: 'echo "Error: no test specified" && exit 1' },
46 silly resolved     keywords: [ 'ember-addon' ],
46 silly resolved     files: [ 'app-addon/**', 'vendor-addon/**', 'index.js' ],
46 silly resolved     repository:
46 silly resolved      { type: 'git',
46 silly resolved        url: 'git://github.com/simplabs/ember-cli-simple-auth' },
46 silly resolved     homepage: 'https://github.com/simplabs/ember-cli-simple-auth',
46 silly resolved     gitHead: '6f61081ac9316687ed123bdb780941f518bdd5dd',
46 silly resolved     bugs: { url: 'https://github.com/simplabs/ember-cli-simple-auth/issues' },
46 silly resolved     _id: 'ember-cli-simple-auth@0.6.4-1',
46 silly resolved     _shasum: '485d9e7c9edecf3dc0b64f43d72ac0a5f627571e',
46 silly resolved     _from: 'ember-cli-simple-auth@*',
46 silly resolved     _npmVersion: '1.5.0-alpha-1',
46 silly resolved     _npmUser: { name: 'simplabs', email: 'info@simplabs.com' },
46 silly resolved     maintainers: [ [Object] ],
46 silly resolved     dist:
46 silly resolved      { shasum: '485d9e7c9edecf3dc0b64f43d72ac0a5f627571e',
46 silly resolved        tarball: 'http://registry.npmjs.org/ember-cli-simple-auth/-/ember-cli-simple-auth-0.6.4-1.tgz' },
46 silly resolved     directories: {},
46 silly resolved     _resolved: 'https://registry.npmjs.org/ember-cli-simple-auth/-/ember-cli-simple-auth-0.6.4-1.tgz' } ]
47 info install ember-cli-simple-auth@0.6.4-1 into /Users/sam
48 info installOne ember-cli-simple-auth@0.6.4-1
49 verbose node_modules/ember-cli-simple-auth unbuild
50 verbose gentlyRm vacuuming /Users/sam/node_modules/ember-cli-simple-auth
51 verbose tar unpack /Users/sam/.npm/ember-cli-simple-auth/0.6.4-1/package.tgz
52 silly lockFile a2285e7d-de-modules-ember-cli-simple-auth tar:///Users/sam/node_modules/ember-cli-simple-auth
53 verbose lock tar:///Users/sam/node_modules/ember-cli-simple-auth /Users/sam/.npm/a2285e7d-de-modules-ember-cli-simple-auth.lock
54 silly lockFile db07d6ef--simple-auth-0-6-4-1-package-tgz tar:///Users/sam/.npm/ember-cli-simple-auth/0.6.4-1/package.tgz
55 verbose lock tar:///Users/sam/.npm/ember-cli-simple-auth/0.6.4-1/package.tgz /Users/sam/.npm/db07d6ef--simple-auth-0-6-4-1-package-tgz.lock
56 verbose gentlyRm vacuuming /Users/sam/node_modules/ember-cli-simple-auth
57 silly gunzTarPerm modes [ '755', '644' ]
58 silly gunzTarPerm extractEntry package.json
59 silly gunzTarPerm extractEntry README.md
60 silly gunzTarPerm extractEntry index.js
61 silly gunzTarPerm extractEntry app-addon/initializers/simple-auth.js
62 silly gunzTarPerm extractEntry vendor-addon/ember/package.json
63 silly gunzTarPerm modified mode [ 'vendor-addon/ember/package.json', 436, 420 ]
64 silly gunzTarPerm extractEntry vendor-addon/ember/.npmignore
65 silly gunzTarPerm modified mode [ 'vendor-addon/ember/.npmignore', 436, 420 ]
66 silly gunzTarPerm extractEntry vendor-addon/ember/README.md
67 silly gunzTarPerm modified mode [ 'vendor-addon/ember/README.md', 436, 420 ]
68 silly gunzTarPerm extractEntry vendor-addon/ember/ember-template-compiler.js
69 silly gunzTarPerm modified mode [ 'vendor-addon/ember/ember-template-compiler.js', 436, 420 ]
70 silly gunzTarPerm extractEntry vendor-addon/ember/ember.js
71 silly gunzTarPerm modified mode [ 'vendor-addon/ember/ember.js', 436, 420 ]
72 silly gunzTarPerm extractEntry vendor-addon/ember/ember.min.js
73 silly gunzTarPerm modified mode [ 'vendor-addon/ember/ember.min.js', 436, 420 ]
74 silly gunzTarPerm extractEntry vendor-addon/ember/ember.prod.js
75 silly gunzTarPerm modified mode [ 'vendor-addon/ember/ember.prod.js', 436, 420 ]
76 silly gunzTarPerm extractEntry vendor-addon/ember/.bower.json
77 silly gunzTarPerm extractEntry vendor-addon/ember/bower.json
78 silly gunzTarPerm modified mode [ 'vendor-addon/ember/bower.json', 436, 420 ]
79 silly gunzTarPerm extractEntry vendor-addon/ember/component.json
80 silly gunzTarPerm modified mode [ 'vendor-addon/ember/component.json', 436, 420 ]
81 silly gunzTarPerm extractEntry vendor-addon/ember/Makefile
82 silly gunzTarPerm modified mode [ 'vendor-addon/ember/Makefile', 436, 420 ]
83 silly gunzTarPerm extractEntry vendor-addon/ember/composer.json
84 silly gunzTarPerm modified mode [ 'vendor-addon/ember/composer.json', 436, 420 ]
85 silly gunzTarPerm extractEntry vendor-addon/ember-simple-auth/README.md
86 silly gunzTarPerm modified mode [ 'vendor-addon/ember-simple-auth/README.md', 436, 420 ]
87 silly gunzTarPerm extractEntry vendor-addon/ember-simple-auth/LICENSE
88 silly gunzTarPerm modified mode [ 'vendor-addon/ember-simple-auth/LICENSE', 436, 420 ]
89 silly gunzTarPerm extractEntry vendor-addon/ember-simple-auth/simple-auth-cookie-store.amd.js
90 silly gunzTarPerm modified mode [ 'vendor-addon/ember-simple-auth/simple-auth-cookie-store.amd.js',
90 silly gunzTarPerm   436,
90 silly gunzTarPerm   420 ]
91 silly gunzTarPerm extractEntry vendor-addon/ember-simple-auth/simple-auth-cookie-store.js
92 silly gunzTarPerm modified mode [ 'vendor-addon/ember-simple-auth/simple-auth-cookie-store.js',
92 silly gunzTarPerm   436,
92 silly gunzTarPerm   420 ]
93 silly gunzTarPerm extractEntry vendor-addon/ember-simple-auth/simple-auth-devise.amd.js
94 silly gunzTarPerm modified mode [ 'vendor-addon/ember-simple-auth/simple-auth-devise.amd.js',
94 silly gunzTarPerm   436,
94 silly gunzTarPerm   420 ]
95 silly gunzTarPerm extractEntry vendor-addon/ember-simple-auth/simple-auth.amd.js
96 silly gunzTarPerm modified mode [ 'vendor-addon/ember-simple-auth/simple-auth.amd.js', 436, 420 ]
97 silly gunzTarPerm extractEntry vendor-addon/ember-simple-auth/simple-auth-oauth2.js
98 silly gunzTarPerm modified mode [ 'vendor-addon/ember-simple-auth/simple-auth-oauth2.js',
98 silly gunzTarPerm   436,
98 silly gunzTarPerm   420 ]
99 silly gunzTarPerm extractEntry vendor-addon/ember-simple-auth/simple-auth-testing.amd.js
100 silly gunzTarPerm modified mode [ 'vendor-addon/ember-simple-auth/simple-auth-testing.amd.js',
100 silly gunzTarPerm   436,
100 silly gunzTarPerm   420 ]
101 silly gunzTarPerm extractEntry vendor-addon/ember-simple-auth/simple-auth-testing.js
102 silly gunzTarPerm modified mode [ 'vendor-addon/ember-simple-auth/simple-auth-testing.js',
102 silly gunzTarPerm   436,
102 silly gunzTarPerm   420 ]
103 silly gunzTarPerm extractEntry vendor-addon/ember-simple-auth/simple-auth.js
104 silly gunzTarPerm modified mode [ 'vendor-addon/ember-simple-auth/simple-auth.js', 436, 420 ]
105 silly gunzTarPerm extractEntry vendor-addon/ember-simple-auth/simple-auth-torii.amd.js
106 silly gunzTarPerm modified mode [ 'vendor-addon/ember-simple-auth/simple-auth-torii.amd.js',
106 silly gunzTarPerm   436,
106 silly gunzTarPerm   420 ]
107 silly gunzTarPerm extractEntry vendor-addon/ember-simple-auth/simple-auth-torii.js
108 silly gunzTarPerm modified mode [ 'vendor-addon/ember-simple-auth/simple-auth-torii.js',
108 silly gunzTarPerm   436,
108 silly gunzTarPerm   420 ]
109 silly gunzTarPerm extractEntry vendor-addon/ember-simple-auth/simple-auth-devise.js
110 silly gunzTarPerm modified mode [ 'vendor-addon/ember-simple-auth/simple-auth-devise.js',
110 silly gunzTarPerm   436,
110 silly gunzTarPerm   420 ]
111 silly gunzTarPerm extractEntry vendor-addon/ember-simple-auth/simple-auth-oauth2.amd.js
112 silly gunzTarPerm modified mode [ 'vendor-addon/ember-simple-auth/simple-auth-oauth2.amd.js',
112 silly gunzTarPerm   436,
112 silly gunzTarPerm   420 ]
113 silly gunzTarPerm extractEntry vendor-addon/ember-simple-auth/bower.json
114 silly gunzTarPerm modified mode [ 'vendor-addon/ember-simple-auth/bower.json', 436, 420 ]
115 silly gunzTarPerm extractEntry vendor-addon/ember-simple-auth/.bower.json
116 silly gunzTarPerm extractEntry vendor-addon/handlebars/.npmignore
117 silly gunzTarPerm modified mode [ 'vendor-addon/handlebars/.npmignore', 436, 420 ]
118 silly gunzTarPerm extractEntry vendor-addon/handlebars/README.md
119 silly gunzTarPerm modified mode [ 'vendor-addon/handlebars/README.md', 436, 420 ]
120 silly gunzTarPerm extractEntry vendor-addon/handlebars/handlebars.amd.min.js
121 silly gunzTarPerm modified mode [ 'vendor-addon/handlebars/handlebars.amd.min.js', 436, 420 ]
122 silly gunzTarPerm extractEntry vendor-addon/handlebars/handlebars.amd.js
123 silly gunzTarPerm modified mode [ 'vendor-addon/handlebars/handlebars.amd.js', 436, 420 ]
124 silly gunzTarPerm extractEntry vendor-addon/handlebars/handlebars.js
125 silly gunzTarPerm modified mode [ 'vendor-addon/handlebars/handlebars.js', 436, 420 ]
126 silly gunzTarPerm extractEntry vendor-addon/handlebars/handlebars.min.js
127 silly gunzTarPerm modified mode [ 'vendor-addon/handlebars/handlebars.min.js', 436, 420 ]
128 silly gunzTarPerm extractEntry vendor-addon/handlebars/handlebars.runtime.amd.js
129 silly gunzTarPerm modified mode [ 'vendor-addon/handlebars/handlebars.runtime.amd.js', 436, 420 ]
130 silly gunzTarPerm extractEntry vendor-addon/handlebars/handlebars.runtime.amd.min.js
131 silly gunzTarPerm modified mode [ 'vendor-addon/handlebars/handlebars.runtime.amd.min.js',
131 silly gunzTarPerm   436,
131 silly gunzTarPerm   420 ]
132 silly gunzTarPerm extractEntry vendor-addon/handlebars/handlebars.runtime.js
133 silly gunzTarPerm modified mode [ 'vendor-addon/handlebars/handlebars.runtime.js', 436, 420 ]
134 silly gunzTarPerm extractEntry vendor-addon/handlebars/handlebars.runtime.min.js
135 silly gunzTarPerm modified mode [ 'vendor-addon/handlebars/handlebars.runtime.min.js', 436, 420 ]
136 silly gunzTarPerm extractEntry vendor-addon/handlebars/handlebars.js.nuspec
137 silly gunzTarPerm modified mode [ 'vendor-addon/handlebars/handlebars.js.nuspec', 436, 420 ]
138 silly gunzTarPerm extractEntry vendor-addon/handlebars/composer.json
139 silly gunzTarPerm modified mode [ 'vendor-addon/handlebars/composer.json', 436, 420 ]
140 silly gunzTarPerm extractEntry vendor-addon/handlebars/handlebars-source.gemspec
141 silly gunzTarPerm modified mode [ 'vendor-addon/handlebars/handlebars-source.gemspec', 436, 420 ]
142 silly gunzTarPerm extractEntry vendor-addon/handlebars/.bower.json
143 silly gunzTarPerm extractEntry vendor-addon/handlebars/bower.json
144 silly gunzTarPerm modified mode [ 'vendor-addon/handlebars/bower.json', 436, 420 ]
145 silly gunzTarPerm extractEntry vendor-addon/handlebars/component.json
146 silly gunzTarPerm modified mode [ 'vendor-addon/handlebars/component.json', 436, 420 ]
147 silly gunzTarPerm extractEntry vendor-addon/handlebars/lib/handlebars/source.rb
148 silly gunzTarPerm modified mode [ 'vendor-addon/handlebars/lib/handlebars/source.rb', 436, 420 ]
149 silly gunzTarPerm extractEntry vendor-addon/jquery/.bower.json
150 silly gunzTarPerm extractEntry vendor-addon/jquery/MIT-LICENSE.txt
151 silly gunzTarPerm modified mode [ 'vendor-addon/jquery/MIT-LICENSE.txt', 436, 420 ]
152 silly gunzTarPerm extractEntry vendor-addon/jquery/bower.json
153 silly gunzTarPerm modified mode [ 'vendor-addon/jquery/bower.json', 436, 420 ]
154 silly gunzTarPerm extractEntry vendor-addon/jquery/dist/jquery.js
155 silly gunzTarPerm modified mode [ 'vendor-addon/jquery/dist/jquery.js', 436, 420 ]
156 silly gunzTarPerm extractEntry vendor-addon/jquery/dist/jquery.min.js
157 silly gunzTarPerm modified mode [ 'vendor-addon/jquery/dist/jquery.min.js', 436, 420 ]
158 silly gunzTarPerm extractEntry vendor-addon/jquery/dist/jquery.min.map
159 silly gunzTarPerm modified mode [ 'vendor-addon/jquery/dist/jquery.min.map', 436, 420 ]
160 silly gunzTarPerm extractEntry vendor-addon/jquery/src/wrap.js
161 silly gunzTarPerm modified mode [ 'vendor-addon/jquery/src/wrap.js', 436, 420 ]
162 silly gunzTarPerm extractEntry vendor-addon/jquery/src/dimensions.js
163 silly gunzTarPerm modified mode [ 'vendor-addon/jquery/src/dimensions.js', 436, 420 ]
164 silly gunzTarPerm extractEntry vendor-addon/jquery/src/effects.js
165 silly gunzTarPerm modified mode [ 'vendor-addon/jquery/src/effects.js', 436, 420 ]
166 silly gunzTarPerm extractEntry vendor-addon/jquery/src/event.js
167 silly gunzTarPerm modified mode [ 'vendor-addon/jquery/src/event.js', 436, 420 ]
168 silly gunzTarPerm extractEntry vendor-addon/jquery/src/deprecated.js
169 silly gunzTarPerm modified mode [ 'vendor-addon/jquery/src/deprecated.js', 436, 420 ]
170 silly gunzTarPerm extractEntry vendor-addon/jquery/src/intro.js
171 silly gunzTarPerm modified mode [ 'vendor-addon/jquery/src/intro.js', 436, 420 ]
172 silly gunzTarPerm extractEntry vendor-addon/jquery/src/jquery.js
173 silly gunzTarPerm modified mode [ 'vendor-addon/jquery/src/jquery.js', 436, 420 ]
174 silly gunzTarPerm extractEntry vendor-addon/jquery/src/manipulation.js
175 silly gunzTarPerm modified mode [ 'vendor-addon/jquery/src/manipulation.js', 436, 420 ]
176 silly gunzTarPerm extractEntry vendor-addon/jquery/src/offset.js
177 silly gunzTarPerm modified mode [ 'vendor-addon/jquery/src/offset.js', 436, 420 ]
178 silly gunzTarPerm extractEntry vendor-addon/jquery/src/outro.js
179 silly gunzTarPerm modified mode [ 'vendor-addon/jquery/src/outro.js', 436, 420 ]
180 silly gunzTarPerm extractEntry vendor-addon/jquery/src/deferred.js
181 silly gunzTarPerm modified mode [ 'vendor-addon/jquery/src/deferred.js', 436, 420 ]
182 silly gunzTarPerm extractEntry vendor-addon/jquery/src/queue.js
183 silly gunzTarPerm modified mode [ 'vendor-addon/jquery/src/queue.js', 436, 420 ]
184 silly gunzTarPerm extractEntry vendor-addon/jquery/src/data.js
185 silly gunzTarPerm modified mode [ 'vendor-addon/jquery/src/data.js', 436, 420 ]
186 silly gunzTarPerm extractEntry vendor-addon/jquery/src/selector-native.js
187 silly gunzTarPerm modified mode [ 'vendor-addon/jquery/src/selector-native.js', 436, 420 ]
188 silly gunzTarPerm extractEntry vendor-addon/jquery/src/css.js
189 silly gunzTarPerm modified mode [ 'vendor-addon/jquery/src/css.js', 436, 420 ]
190 silly gunzTarPerm extractEntry vendor-addon/jquery/src/selector-sizzle.js
191 silly gunzTarPerm modified mode [ 'vendor-addon/jquery/src/selector-sizzle.js', 436, 420 ]
192 silly gunzTarPerm extractEntry vendor-addon/jquery/src/core.js
193 silly gunzTarPerm modified mode [ 'vendor-addon/jquery/src/core.js', 436, 420 ]
194 silly gunzTarPerm extractEntry vendor-addon/jquery/src/selector.js
195 silly gunzTarPerm modified mode [ 'vendor-addon/jquery/src/selector.js', 436, 420 ]
196 silly gunzTarPerm extractEntry vendor-addon/jquery/src/callbacks.js
197 silly gunzTarPerm modified mode [ 'vendor-addon/jquery/src/callbacks.js', 436, 420 ]
198 silly gunzTarPerm extractEntry vendor-addon/jquery/src/serialize.js
199 silly gunzTarPerm modified mode [ 'vendor-addon/jquery/src/serialize.js', 436, 420 ]
200 silly gunzTarPerm extractEntry vendor-addon/jquery/src/attributes.js
201 silly gunzTarPerm modified mode [ 'vendor-addon/jquery/src/attributes.js', 436, 420 ]
202 silly gunzTarPerm extractEntry vendor-addon/jquery/src/traversing.js
203 silly gunzTarPerm modified mode [ 'vendor-addon/jquery/src/traversing.js', 436, 420 ]
204 silly gunzTarPerm extractEntry vendor-addon/jquery/src/ajax.js
205 silly gunzTarPerm modified mode [ 'vendor-addon/jquery/src/ajax.js', 436, 420 ]
206 silly gunzTarPerm extractEntry vendor-addon/jquery/src/data/Data.js
207 silly gunzTarPerm modified mode [ 'vendor-addon/jquery/src/data/Data.js', 436, 420 ]
208 silly gunzTarPerm extractEntry vendor-addon/jquery/src/data/accepts.js
209 silly gunzTarPerm modified mode [ 'vendor-addon/jquery/src/data/accepts.js', 436, 420 ]
210 silly gunzTarPerm extractEntry vendor-addon/jquery/src/data/var/data_priv.js
211 silly gunzTarPerm modified mode [ 'vendor-addon/jquery/src/data/var/data_priv.js', 436, 420 ]
212 silly gunzTarPerm extractEntry vendor-addon/jquery/src/data/var/data_user.js
213 silly gunzTarPerm modified mode [ 'vendor-addon/jquery/src/data/var/data_user.js', 436, 420 ]
214 silly gunzTarPerm extractEntry vendor-addon/jquery/src/event/alias.js
215 silly gunzTarPerm modified mode [ 'vendor-addon/jquery/src/event/alias.js', 436, 420 ]
216 silly gunzTarPerm extractEntry vendor-addon/jquery/src/event/support.js
217 silly gunzTarPerm modified mode [ 'vendor-addon/jquery/src/event/support.js', 436, 420 ]
218 silly gunzTarPerm extractEntry vendor-addon/jquery/src/queue/delay.js
219 silly gunzTarPerm modified mode [ 'vendor-addon/jquery/src/queue/delay.js', 436, 420 ]
220 silly gunzTarPerm extractEntry vendor-addon/jquery/src/core/access.js
221 silly gunzTarPerm modified mode [ 'vendor-addon/jquery/src/core/access.js', 436, 420 ]
222 silly gunzTarPerm extractEntry vendor-addon/jquery/src/core/init.js
223 silly gunzTarPerm modified mode [ 'vendor-addon/jquery/src/core/init.js', 436, 420 ]
224 silly gunzTarPerm extractEntry vendor-addon/jquery/src/core/parseHTML.js
225 silly gunzTarPerm modified mode [ 'vendor-addon/jquery/src/core/parseHTML.js', 436, 420 ]
226 silly gunzTarPerm extractEntry vendor-addon/jquery/src/core/ready.js
227 silly gunzTarPerm modified mode [ 'vendor-addon/jquery/src/core/ready.js', 436, 420 ]
228 silly gunzTarPerm extractEntry vendor-addon/jquery/src/core/var/rsingleTag.js
229 silly gunzTarPerm modified mode [ 'vendor-addon/jquery/src/core/var/rsingleTag.js', 436, 420 ]
230 silly gunzTarPerm extractEntry vendor-addon/jquery/src/ajax/jsonp.js
231 silly gunzTarPerm modified mode [ 'vendor-addon/jquery/src/ajax/jsonp.js', 436, 420 ]
232 silly gunzTarPerm extractEntry vendor-addon/jquery/src/ajax/load.js
233 silly gunzTarPerm modified mode [ 'vendor-addon/jquery/src/ajax/load.js', 436, 420 ]
234 silly gunzTarPerm extractEntry vendor-addon/jquery/src/ajax/parseJSON.js
235 silly gunzTarPerm modified mode [ 'vendor-addon/jquery/src/ajax/parseJSON.js', 436, 420 ]
236 silly gunzTarPerm extractEntry vendor-addon/jquery/src/ajax/parseXML.js
237 silly gunzTarPerm modified mode [ 'vendor-addon/jquery/src/ajax/parseXML.js', 436, 420 ]
238 silly gunzTarPerm extractEntry vendor-addon/jquery/src/ajax/script.js
239 silly gunzTarPerm modified mode [ 'vendor-addon/jquery/src/ajax/script.js', 436, 420 ]
240 silly gunzTarPerm extractEntry vendor-addon/jquery/src/ajax/xhr.js
241 silly gunzTarPerm modified mode [ 'vendor-addon/jquery/src/ajax/xhr.js', 436, 420 ]
242 silly gunzTarPerm extractEntry vendor-addon/jquery/src/ajax/var/nonce.js
243 silly gunzTarPerm modified mode [ 'vendor-addon/jquery/src/ajax/var/nonce.js', 436, 420 ]
244 silly gunzTarPerm extractEntry vendor-addon/jquery/src/ajax/var/rquery.js
245 silly gunzTarPerm modified mode [ 'vendor-addon/jquery/src/ajax/var/rquery.js', 436, 420 ]
246 silly gunzTarPerm extractEntry vendor-addon/jquery/src/css/addGetHookIf.js
247 silly gunzTarPerm modified mode [ 'vendor-addon/jquery/src/css/addGetHookIf.js', 436, 420 ]
248 silly gunzTarPerm extractEntry vendor-addon/jquery/src/css/curCSS.js
249 silly gunzTarPerm modified mode [ 'vendor-addon/jquery/src/css/curCSS.js', 436, 420 ]
250 silly gunzTarPerm extractEntry vendor-addon/jquery/src/css/defaultDisplay.js
251 silly gunzTarPerm modified mode [ 'vendor-addon/jquery/src/css/defaultDisplay.js', 436, 420 ]
252 silly gunzTarPerm extractEntry vendor-addon/jquery/src/css/hiddenVisibleSelectors.js
253 silly gunzTarPerm modified mode [ 'vendor-addon/jquery/src/css/hiddenVisibleSelectors.js',
253 silly gunzTarPerm   436,
253 silly gunzTarPerm   420 ]
254 silly gunzTarPerm extractEntry vendor-addon/jquery/src/css/support.js
255 silly gunzTarPerm modified mode [ 'vendor-addon/jquery/src/css/support.js', 436, 420 ]
256 silly gunzTarPerm extractEntry vendor-addon/jquery/src/css/swap.js
257 silly gunzTarPerm modified mode [ 'vendor-addon/jquery/src/css/swap.js', 436, 420 ]
258 silly gunzTarPerm extractEntry vendor-addon/jquery/src/css/var/cssExpand.js
259 silly gunzTarPerm modified mode [ 'vendor-addon/jquery/src/css/var/cssExpand.js', 436, 420 ]
260 silly gunzTarPerm extractEntry vendor-addon/jquery/src/css/var/getStyles.js
261 silly gunzTarPerm modified mode [ 'vendor-addon/jquery/src/css/var/getStyles.js', 436, 420 ]
262 silly gunzTarPerm extractEntry vendor-addon/jquery/src/css/var/isHidden.js
263 silly gunzTarPerm modified mode [ 'vendor-addon/jquery/src/css/var/isHidden.js', 436, 420 ]
264 silly gunzTarPerm extractEntry vendor-addon/jquery/src/css/var/rmargin.js
265 silly gunzTarPerm modified mode [ 'vendor-addon/jquery/src/css/var/rmargin.js', 436, 420 ]
266 silly gunzTarPerm extractEntry vendor-addon/jquery/src/css/var/rnumnonpx.js
267 silly gunzTarPerm modified mode [ 'vendor-addon/jquery/src/css/var/rnumnonpx.js', 436, 420 ]
268 silly gunzTarPerm extractEntry vendor-addon/jquery/src/attributes/attr.js
269 silly gunzTarPerm modified mode [ 'vendor-addon/jquery/src/attributes/attr.js', 436, 420 ]
270 silly gunzTarPerm extractEntry vendor-addon/jquery/src/attributes/classes.js
271 silly gunzTarPerm modified mode [ 'vendor-addon/jquery/src/attributes/classes.js', 436, 420 ]
272 silly gunzTarPerm extractEntry vendor-addon/jquery/src/attributes/prop.js
273 silly gunzTarPerm modified mode [ 'vendor-addon/jquery/src/attributes/prop.js', 436, 420 ]
274 silly gunzTarPerm extractEntry vendor-addon/jquery/src/attributes/support.js
275 silly gunzTarPerm modified mode [ 'vendor-addon/jquery/src/attributes/support.js', 436, 420 ]
276 silly gunzTarPerm extractEntry vendor-addon/jquery/src/attributes/val.js
277 silly gunzTarPerm modified mode [ 'vendor-addon/jquery/src/attributes/val.js', 436, 420 ]
278 silly gunzTarPerm extractEntry vendor-addon/jquery/src/manipulation/_evalUrl.js
279 silly gunzTarPerm modified mode [ 'vendor-addon/jquery/src/manipulation/_evalUrl.js', 436, 420 ]
280 silly gunzTarPerm extractEntry vendor-addon/jquery/src/manipulation/support.js
281 silly gunzTarPerm modified mode [ 'vendor-addon/jquery/src/manipulation/support.js', 436, 420 ]
282 silly gunzTarPerm extractEntry vendor-addon/jquery/src/manipulation/var/rcheckableType.js
283 silly gunzTarPerm modified mode [ 'vendor-addon/jquery/src/manipulation/var/rcheckableType.js',
283 silly gunzTarPerm   436,
283 silly gunzTarPerm   420 ]
284 silly gunzTarPerm extractEntry vendor-addon/jquery/src/sizzle/dist/sizzle.js
285 silly gunzTarPerm modified mode [ 'vendor-addon/jquery/src/sizzle/dist/sizzle.js', 436, 420 ]
286 silly gunzTarPerm extractEntry vendor-addon/jquery/src/sizzle/dist/sizzle.min.js
287 silly gunzTarPerm modified mode [ 'vendor-addon/jquery/src/sizzle/dist/sizzle.min.js', 436, 420 ]
288 silly gunzTarPerm extractEntry vendor-addon/jquery/src/sizzle/dist/sizzle.min.map
289 silly gunzTarPerm modified mode [ 'vendor-addon/jquery/src/sizzle/dist/sizzle.min.map',
289 silly gunzTarPerm   436,
289 silly gunzTarPerm   420 ]
290 silly gunzTarPerm extractEntry vendor-addon/jquery/src/traversing/findFilter.js
291 silly gunzTarPerm modified mode [ 'vendor-addon/jquery/src/traversing/findFilter.js', 436, 420 ]
292 silly gunzTarPerm extractEntry vendor-addon/jquery/src/traversing/var/rneedsContext.js
293 silly gunzTarPerm modified mode [ 'vendor-addon/jquery/src/traversing/var/rneedsContext.js',
293 silly gunzTarPerm   436,
293 silly gunzTarPerm   420 ]
294 silly gunzTarPerm extractEntry vendor-addon/jquery/src/effects/Tween.js
295 silly gunzTarPerm modified mode [ 'vendor-addon/jquery/src/effects/Tween.js', 436, 420 ]
296 silly gunzTarPerm extractEntry vendor-addon/jquery/src/effects/animatedSelector.js
297 silly gunzTarPerm modified mode [ 'vendor-addon/jquery/src/effects/animatedSelector.js',
297 silly gunzTarPerm   436,
297 silly gunzTarPerm   420 ]
298 silly gunzTarPerm extractEntry vendor-addon/jquery/src/var/arr.js
299 silly gunzTarPerm modified mode [ 'vendor-addon/jquery/src/var/arr.js', 436, 420 ]
300 silly gunzTarPerm extractEntry vendor-addon/jquery/src/var/hasOwn.js
301 silly gunzTarPerm modified mode [ 'vendor-addon/jquery/src/var/hasOwn.js', 436, 420 ]
302 silly gunzTarPerm extractEntry vendor-addon/jquery/src/var/indexOf.js
303 silly gunzTarPerm modified mode [ 'vendor-addon/jquery/src/var/indexOf.js', 436, 420 ]
304 silly gunzTarPerm extractEntry vendor-addon/jquery/src/var/pnum.js
305 silly gunzTarPerm modified mode [ 'vendor-addon/jquery/src/var/pnum.js', 436, 420 ]
306 silly gunzTarPerm extractEntry vendor-addon/jquery/src/var/concat.js
307 silly gunzTarPerm modified mode [ 'vendor-addon/jquery/src/var/concat.js', 436, 420 ]
308 silly gunzTarPerm extractEntry vendor-addon/jquery/src/var/rnotwhite.js
309 silly gunzTarPerm modified mode [ 'vendor-addon/jquery/src/var/rnotwhite.js', 436, 420 ]
310 silly gunzTarPerm extractEntry vendor-addon/jquery/src/var/slice.js
311 silly gunzTarPerm modified mode [ 'vendor-addon/jquery/src/var/slice.js', 436, 420 ]
312 silly gunzTarPerm extractEntry vendor-addon/jquery/src/var/strundefined.js
313 silly gunzTarPerm modified mode [ 'vendor-addon/jquery/src/var/strundefined.js', 436, 420 ]
314 silly gunzTarPerm extractEntry vendor-addon/jquery/src/var/support.js
315 silly gunzTarPerm modified mode [ 'vendor-addon/jquery/src/var/support.js', 436, 420 ]
316 silly gunzTarPerm extractEntry vendor-addon/jquery/src/var/toString.js
317 silly gunzTarPerm modified mode [ 'vendor-addon/jquery/src/var/toString.js', 436, 420 ]
318 silly gunzTarPerm extractEntry vendor-addon/jquery/src/var/class2type.js
319 silly gunzTarPerm modified mode [ 'vendor-addon/jquery/src/var/class2type.js', 436, 420 ]
320 silly gunzTarPerm extractEntry vendor-addon/jquery/src/var/trim.js
321 silly gunzTarPerm modified mode [ 'vendor-addon/jquery/src/var/trim.js', 436, 420 ]
322 silly gunzTarPerm extractEntry vendor-addon/jquery/src/var/push.js
323 silly gunzTarPerm modified mode [ 'vendor-addon/jquery/src/var/push.js', 436, 420 ]
324 silly gunzTarPerm extractEntry vendor-addon/jquery/src/exports/amd.js
325 silly gunzTarPerm modified mode [ 'vendor-addon/jquery/src/exports/amd.js', 436, 420 ]
326 silly gunzTarPerm extractEntry vendor-addon/jquery/src/exports/global.js
327 silly gunzTarPerm modified mode [ 'vendor-addon/jquery/src/exports/global.js', 436, 420 ]
328 silly lockFile a2285e7d-de-modules-ember-cli-simple-auth tar:///Users/sam/node_modules/ember-cli-simple-auth
329 silly lockFile a2285e7d-de-modules-ember-cli-simple-auth tar:///Users/sam/node_modules/ember-cli-simple-auth
330 silly lockFile db07d6ef--simple-auth-0-6-4-1-package-tgz tar:///Users/sam/.npm/ember-cli-simple-auth/0.6.4-1/package.tgz
331 silly lockFile db07d6ef--simple-auth-0-6-4-1-package-tgz tar:///Users/sam/.npm/ember-cli-simple-auth/0.6.4-1/package.tgz
332 info preinstall ember-cli-simple-auth@0.6.4-1
333 verbose readDependencies using package.json deps
334 verbose readDependencies using package.json deps
335 silly resolved []
336 verbose about to build /Users/sam/node_modules/ember-cli-simple-auth
337 info build /Users/sam/node_modules/ember-cli-simple-auth
338 verbose linkStuff [ false, false, false, '/Users/sam/node_modules' ]
339 info linkStuff ember-cli-simple-auth@0.6.4-1
340 verbose linkBins ember-cli-simple-auth@0.6.4-1
341 verbose linkMans ember-cli-simple-auth@0.6.4-1
342 verbose rebuildBundles ember-cli-simple-auth@0.6.4-1
343 info install ember-cli-simple-auth@0.6.4-1
344 info postinstall ember-cli-simple-auth@0.6.4-1
345 error peerinvalid The package qunitjs does not satisfy its siblings' peerDependencies requirements!
345 error peerinvalid Peer karma-qunit@0.1.1 wants qunitjs@~1.12.0
346 error System Darwin 13.3.0
347 error command "node" "/usr/local/bin/npm" "install" "--save-dev" "ember-cli-simple-auth"
348 error cwd /Users/sam/Documents/projects/scheduled
349 error node -v v0.10.28
350 error npm -v 2.0.0-alpha-5
351 error code EPEERINVALID
352 verbose exit [ 1, true ]
